<?xml version="1.0" encoding="UTF-8"?>
<beans xmlns="http://www.springframework.org/schema/beans"
       xmlns:xsi="http://www.w3.org/2001/XMLSchema-instance"
       xsi:schemaLocation="http://www.springframework.org/schema/beans
    http://www.springframework.org/schema/beans/spring-beans.xsd">

    <bean id="securityConfig" class="com.joskiy.arcane.security.WebSecurityConfig" />
    <bean id="userDetailsServiceImpl" class="com.joskiy.arcane.security.services.UserDetailsServiceImpl" />
</beans>